<?xml version="1.0" encoding="UTF-8"?>
<testsuite xmlns:xsi="http://www.w3.org/2001/XMLSchema-instance" xsi:noNamespaceSchemaLocation="https://maven.apache.org/surefire/maven-surefire-plugin/xsd/surefire-test-report-3.0.xsd" version="3.0" name="com.bewi.stockmanager.ApplicationTests" time="5.81" tests="1" errors="0" skipped="0" failures="0">
  <properties>
[...]
</properties>
  <testcase name="contextLoads" classname="com.bewi.stockmanager.ApplicationTests" time="1.338">
    <system-out><![CDATA[22:47:30.212 [main] INFO org.springframework.test.context.support.AnnotationConfigContextLoaderUtils -- Could not detect default configuration classes for test class [com.bewi.stockmanager.ApplicationTests]: ApplicationTests does not declare any static, non-private, non-final, nested classes annotated with @Configuration.
22:47:30.375 [main] INFO org.springframework.boot.test.context.SpringBootTestContextBootstrapper -- Found @SpringBootConfiguration com.bewi.stockmanager.Application for test class com.bewi.stockmanager.ApplicationTests
22:47:30.656 [main] INFO org.springframework.boot.devtools.restart.RestartApplicationListener -- Restart disabled due to context in which it is running

  .   ____          _            __ _ _
 /\\ / ___'_ __ _ _(_)_ __  __ _ \ \ \ \
( ( )\___ | '_ | '_| | '_ \/ _` | \ \ \ \
 \\/  ___)| |_)| | | | | || (_| |  ) ) ) )
  '  |____| .__|_| |_|_| |_\__, | / / / /
 =========|_|==============|___/=/_/_/_/
 :: Spring Boot ::                (v3.2.3)

2024-02-25T22:47:31.031+01:00  INFO 59832 --- [           main] com.bewi.stockmanager.ApplicationTests   : Starting ApplicationTests using Java 21.0.2 with PID 59832 (started by benni in /Users/benni/Dev/stockmanager)
2024-02-25T22:47:31.034+01:00  INFO 59832 --- [           main] com.bewi.stockmanager.ApplicationTests   : No active profile set, falling back to 1 default profile: "default"
2024-02-25T22:47:33.242+01:00  INFO 59832 --- [           main] o.s.b.a.w.s.WelcomePageHandlerMapping    : Adding welcome page template: index
2024-02-25T22:47:34.280+01:00  INFO 59832 --- [           main] com.bewi.stockmanager.ApplicationTests   : Started ApplicationTests in 3.644 seconds (process running for 5.281)
]]></system-out>
    <system-err><![CDATA[WARNING: A Java agent has been loaded dynamically (/Users/benni/.m2/repository/net/bytebuddy/byte-buddy-agent/1.14.12/byte-buddy-agent-1.14.12.jar)
WARNING: If a serviceability tool is in use, please run with -XX:+EnableDynamicAgentLoading to hide this warning
WARNING: If a serviceability tool is not in use, please run with -Djdk.instrument.traceUsage for more information
WARNING: Dynamic loading of agents will be disallowed by default in a future release
]]></system-err>
  </testcase>
</testsuite>